<?xml version="1.0" encoding="UTF-8"?>
<testng-results skipped="0" failed="0" total="1" passed="1">
  <reporter-output>
  </reporter-output>
  <suite name="Command line suite" duration-ms="341" started-at="2017-03-04T16:18:05Z" finished-at="2017-03-04T16:18:05Z">
    <groups>
    </groups>
    <test name="Command line test" duration-ms="341" started-at="2017-03-04T16:18:05Z" finished-at="2017-03-04T16:18:05Z">
      <class name="com.appium.framework.AppTest">
        <test-method status="PASS" signature="testApp()[pri:0, instance:testApp(com.appium.framework.AppTest)]" name="testApp" duration-ms="4" started-at="2017-03-04T21:48:05Z" finished-at="2017-03-04T21:48:05Z">
          <reporter-output>
          </reporter-output>
        </test-method> <!-- testApp -->
      </class> <!-- com.appium.framework.AppTest -->
    </test> <!-- Command line test -->
  </suite> <!-- Command line suite -->
</testng-results>
